-------------------------------------------------------------------------------
Test set: dst.ass1.jpa.tests.Ass1_2_3Test
-------------------------------------------------------------------------------
Tests run: 5, Failures: 0, Errors: 5, Skipped: 0, Time elapsed: 0.293 s <<< FAILURE! - in dst.ass1.jpa.tests.Ass1_2_3Test
dst.ass1.jpa.tests.Ass1_2_3Test.findTopThreeRidersWithMostCanceledTripsAndRatingLowerEqualTwo_WithEndDate_returnsOneRider  Time elapsed: 0.052 s  <<< ERROR!
java.lang.IllegalStateException: Couldn't insert fixture. Can't proceed with tests
Caused by: java.lang.NullPointerException: Cannot invoke "dst.ass1.jpa.model.IMoney.setCurrencyValue(java.math.BigDecimal)" because "total1" is null

dst.ass1.jpa.tests.Ass1_2_3Test.findTopThreeRidersWithMostCanceledTripsAndRatingLowerEqualTwo_WithStartAndEndDate_returnsOneRider  Time elapsed: 0.07 s  <<< ERROR!
java.lang.IllegalStateException: Couldn't insert fixture. Can't proceed with tests
Caused by: java.lang.NullPointerException: Cannot invoke "dst.ass1.jpa.model.IMoney.setCurrencyValue(java.math.BigDecimal)" because "total1" is null

dst.ass1.jpa.tests.Ass1_2_3Test.findTopThreeRidersWithMostCanceledTripsAndRatingLowerEqualTwo_returnsThreeRiders  Time elapsed: 0.065 s  <<< ERROR!
java.lang.IllegalStateException: Couldn't insert fixture. Can't proceed with tests
Caused by: java.lang.NullPointerException: Cannot invoke "dst.ass1.jpa.model.IMoney.setCurrencyValue(java.math.BigDecimal)" because "total1" is null

dst.ass1.jpa.tests.Ass1_2_3Test.findTopThreeRidersWithMostCanceledTripsAndRatingLowerEqualTwo_WithOneRider_returnsOneRider  Time elapsed: 0.046 s  <<< ERROR!
java.lang.IllegalStateException: Couldn't insert fixture. Can't proceed with tests
Caused by: java.lang.NullPointerException: Cannot invoke "dst.ass1.jpa.model.IMoney.setCurrencyValue(java.math.BigDecimal)" because "total1" is null

dst.ass1.jpa.tests.Ass1_2_3Test.findTopThreeRidersWithMostCanceledTripsAndRatingLowerEqualTwo_WithStartDate_returnsOneRider  Time elapsed: 0.059 s  <<< ERROR!
java.lang.IllegalStateException: Couldn't insert fixture. Can't proceed with tests
Caused by: java.lang.NullPointerException: Cannot invoke "dst.ass1.jpa.model.IMoney.setCurrencyValue(java.math.BigDecimal)" because "total1" is null

