-------------------------------------------------------------------------------
Test set: dst.ass1.jpa.tests.Ass1_1_1_02Test
-------------------------------------------------------------------------------
Tests run: 2, Failures: 1, Errors: 1, Skipped: 0, Time elapsed: 0.254 s <<< FAILURE! - in dst.ass1.jpa.tests.Ass1_1_1_02Test
dst.ass1.jpa.tests.Ass1_1_1_02Test.testConstraint  Time elapsed: 0.116 s  <<< ERROR!
java.lang.NullPointerException: Cannot invoke "dst.ass1.jpa.model.IVehicle.setLicense(String)" because "e" is null
	at dst.ass1.jpa.tests.Ass1_1_1_02Test.lambda$testConstraint$1(Ass1_1_1_02Test.java:20)
	at dst.ass1.jpa.tests.Ass1_1_1_02Test.testConstraint(Ass1_1_1_02Test.java:21)

dst.ass1.jpa.tests.Ass1_1_1_02Test.testConstraintJdbc  Time elapsed: 0.136 s  <<< FAILURE!
java.lang.AssertionError
	at dst.ass1.jpa.tests.Ass1_1_1_02Test.testConstraintJdbc(Ass1_1_1_02Test.java:26)

