-------------------------------------------------------------------------------
Test set: dst.ass1.jpa.tests.Ass1_1_1_10Test
-------------------------------------------------------------------------------
Tests run: 2, Failures: 0, Errors: 2, Skipped: 0, Time elapsed: 0.13 s <<< FAILURE! - in dst.ass1.jpa.tests.Ass1_1_1_10Test
dst.ass1.jpa.tests.Ass1_1_1_10Test.testOrganizationSelfAssociationJdbc  Time elapsed: 0.063 s  <<< ERROR!
java.lang.IllegalStateException: Couldn't insert fixture. Can't proceed with tests
Caused by: java.lang.NullPointerException: Cannot invoke "dst.ass1.jpa.model.IMoney.setCurrencyValue(java.math.BigDecimal)" because "total1" is null

dst.ass1.jpa.tests.Ass1_1_1_10Test.testOrganizationSelfAssociation  Time elapsed: 0.065 s  <<< ERROR!
java.lang.IllegalStateException: Couldn't insert fixture. Can't proceed with tests
Caused by: java.lang.NullPointerException: Cannot invoke "dst.ass1.jpa.model.IMoney.setCurrencyValue(java.math.BigDecimal)" because "total1" is null

