-------------------------------------------------------------------------------
Test set: dst.ass1.jpa.tests.Ass1_2_1cTest
-------------------------------------------------------------------------------
Tests run: 6, Failures: 0, Errors: 6, Skipped: 0, Time elapsed: 0.253 s <<< FAILURE! - in dst.ass1.jpa.tests.Ass1_2_1cTest
dst.ass1.jpa.tests.Ass1_2_1cTest.findTopAndActiveDriver_forOrganizationWithoutDriverWithMatches_returnsNull  Time elapsed: 0.039 s  <<< ERROR!
java.lang.IllegalStateException: Couldn't insert fixture. Can't proceed with tests
Caused by: java.lang.NullPointerException: Cannot invoke "dst.ass1.jpa.model.IMoney.setCurrencyValue(java.math.BigDecimal)" because "total1" is null

dst.ass1.jpa.tests.Ass1_2_1cTest.findTopAndActiveDriver_forOrganizationOne_returnsDriverOne  Time elapsed: 0.048 s  <<< ERROR!
java.lang.IllegalStateException: Couldn't insert fixture. Can't proceed with tests
Caused by: java.lang.NullPointerException: Cannot invoke "dst.ass1.jpa.model.IMoney.setCurrencyValue(java.math.BigDecimal)" because "total1" is null

dst.ass1.jpa.tests.Ass1_2_1cTest.findTopAndActiveDriver_forOrganizationThree_returnsDriverOne  Time elapsed: 0.038 s  <<< ERROR!
java.lang.IllegalStateException: Couldn't insert fixture. Can't proceed with tests
Caused by: java.lang.NullPointerException: Cannot invoke "dst.ass1.jpa.model.IMoney.setCurrencyValue(java.math.BigDecimal)" because "total1" is null

dst.ass1.jpa.tests.Ass1_2_1cTest.findTopAndActiveDriver_forOrganizationFour_returnsDriverThree  Time elapsed: 0.038 s  <<< ERROR!
java.lang.IllegalStateException: Couldn't insert fixture. Can't proceed with tests
Caused by: java.lang.NullPointerException: Cannot invoke "dst.ass1.jpa.model.IMoney.setCurrencyValue(java.math.BigDecimal)" because "total1" is null

dst.ass1.jpa.tests.Ass1_2_1cTest.findTopAndActiveDriver_forNonExistentOrganization_returnsNull  Time elapsed: 0.043 s  <<< ERROR!
java.lang.IllegalStateException: Couldn't insert fixture. Can't proceed with tests
Caused by: java.lang.NullPointerException: Cannot invoke "dst.ass1.jpa.model.IMoney.setCurrencyValue(java.math.BigDecimal)" because "total1" is null

dst.ass1.jpa.tests.Ass1_2_1cTest.findTopAndActiveDriver_forOrganizationTwo_returnsDriverTwo  Time elapsed: 0.046 s  <<< ERROR!
java.lang.IllegalStateException: Couldn't insert fixture. Can't proceed with tests
Caused by: java.lang.NullPointerException: Cannot invoke "dst.ass1.jpa.model.IMoney.setCurrencyValue(java.math.BigDecimal)" because "total1" is null

