-------------------------------------------------------------------------------
Test set: dst.ass1.jpa.tests.Ass1_1_1_01Test
-------------------------------------------------------------------------------
Tests run: 20, Failures: 19, Errors: 0, Skipped: 0, Time elapsed: 0.181 s <<< FAILURE! - in dst.ass1.jpa.tests.Ass1_1_1_01Test
dst.ass1.jpa.tests.Ass1_1_1_01Test.testBasicTablesJdbc  Time elapsed: 0.005 s  <<< FAILURE!
java.lang.AssertionError: 

Expected: collection containing "Rider" and "Trip" and "Location" and "TripInfo" and "Driver" and "Employment" and "Organization" and "Vehicle" and "Match"
     but: was []
	at dst.ass1.jpa.tests.Ass1_1_1_01Test.testBasicTablesJdbc(Ass1_1_1_01Test.java:44)

dst.ass1.jpa.tests.Ass1_1_1_01Test.testColumnType01Jdbc  Time elapsed: 0.002 s  <<< FAILURE!
java.lang.AssertionError: 

Expected: is <true>
     but: was <false>
	at dst.ass1.jpa.tests.Ass1_1_1_01Test.testColumnType01Jdbc(Ass1_1_1_01Test.java:152)

dst.ass1.jpa.tests.Ass1_1_1_01Test.testRelation01Jdbc  Time elapsed: 0.003 s  <<< FAILURE!
java.lang.AssertionError: 

Expected: collection containing "vehicle_id"
     but: was []
	at dst.ass1.jpa.tests.Ass1_1_1_01Test.testRelation01Jdbc(Ass1_1_1_01Test.java:61)

dst.ass1.jpa.tests.Ass1_1_1_01Test.testRelation02Jdbc  Time elapsed: 0.001 s  <<< FAILURE!
java.lang.AssertionError: 

Expected: collection containing "rider_id"
     but: was []
	at dst.ass1.jpa.tests.Ass1_1_1_01Test.testRelation02Jdbc(Ass1_1_1_01Test.java:70)

dst.ass1.jpa.tests.Ass1_1_1_01Test.testRelation03Jdbc  Time elapsed: 0.001 s  <<< FAILURE!
java.lang.AssertionError: 

Expected: collection containing "driver_id" and "organization_id"
     but: was []
	at dst.ass1.jpa.tests.Ass1_1_1_01Test.testRelation03Jdbc(Ass1_1_1_01Test.java:77)

dst.ass1.jpa.tests.Ass1_1_1_01Test.testRelation04Jdbc  Time elapsed: 0.001 s  <<< FAILURE!
java.lang.AssertionError: 

Expected: collection containing "driver_id" and "trip_id" and "vehicle_id"
     but: was []
	at dst.ass1.jpa.tests.Ass1_1_1_01Test.testRelation04Jdbc(Ass1_1_1_01Test.java:87)

dst.ass1.jpa.tests.Ass1_1_1_01Test.testRelation04Jdbc  Time elapsed: 0.002 s  <<< FAILURE!
java.lang.AssertionError: 

Expected: collection containing "trip_id"
     but: was []
	at dst.ass1.jpa.tests.Ass1_1_1_01Test.testRelation04Jdbc(Ass1_1_1_01Test.java:92)

dst.ass1.jpa.tests.Ass1_1_1_01Test.testRelation05Jdbc  Time elapsed: 0 s  <<< FAILURE!
java.lang.AssertionError: 

Expected: collection containing "organization_parts"
     but: was []
	at dst.ass1.jpa.tests.Ass1_1_1_01Test.testRelation05Jdbc(Ass1_1_1_01Test.java:103)

dst.ass1.jpa.tests.Ass1_1_1_01Test.testRelation05Jdbc  Time elapsed: 0.001 s  <<< FAILURE!
java.lang.AssertionError: 

Expected: collection containing "partsOrganization_id" and "partOfOrganization_id"
     but: was []
	at dst.ass1.jpa.tests.Ass1_1_1_01Test.testRelation05Jdbc(Ass1_1_1_01Test.java:104)

dst.ass1.jpa.tests.Ass1_1_1_01Test.testRelation06Jdbc  Time elapsed: 0.002 s  <<< FAILURE!
java.lang.AssertionError: 

Expected: collection containing "trip_location"
     but: was []
	at dst.ass1.jpa.tests.Ass1_1_1_01Test.testRelation06Jdbc(Ass1_1_1_01Test.java:112)

dst.ass1.jpa.tests.Ass1_1_1_01Test.testRelation06Jdbc  Time elapsed: 0.003 s  <<< FAILURE!
java.lang.AssertionError: 

Expected: collection containing "trip_id"
     but: was []
	at dst.ass1.jpa.tests.Ass1_1_1_01Test.testRelation06Jdbc(Ass1_1_1_01Test.java:113)

dst.ass1.jpa.tests.Ass1_1_1_01Test.testRelation06Jdbc  Time elapsed: 0.003 s  <<< FAILURE!
java.lang.AssertionError: 

Expected: collection containing "stops_id"
     but: was []
	at dst.ass1.jpa.tests.Ass1_1_1_01Test.testRelation06Jdbc(Ass1_1_1_01Test.java:114)

dst.ass1.jpa.tests.Ass1_1_1_01Test.testRelation07Jdbc  Time elapsed: 0.002 s  <<< FAILURE!
java.lang.AssertionError: 

Expected: collection containing "pickup_id"
     but: was []
	at dst.ass1.jpa.tests.Ass1_1_1_01Test.testRelation07Jdbc(Ass1_1_1_01Test.java:121)

dst.ass1.jpa.tests.Ass1_1_1_01Test.testRelation07Jdbc  Time elapsed: 0.002 s  <<< FAILURE!
java.lang.AssertionError: 

Expected: is <true>
     but: was <false>
	at dst.ass1.jpa.tests.Ass1_1_1_01Test.testRelation07Jdbc(Ass1_1_1_01Test.java:122)

dst.ass1.jpa.tests.Ass1_1_1_01Test.testRelation08Jdbc  Time elapsed: 0.002 s  <<< FAILURE!
java.lang.AssertionError: 

Expected: collection containing "destination_id"
     but: was []
	at dst.ass1.jpa.tests.Ass1_1_1_01Test.testRelation08Jdbc(Ass1_1_1_01Test.java:129)

dst.ass1.jpa.tests.Ass1_1_1_01Test.testRelation08Jdbc  Time elapsed: 0.002 s  <<< FAILURE!
java.lang.AssertionError: 

Expected: is <true>
     but: was <false>
	at dst.ass1.jpa.tests.Ass1_1_1_01Test.testRelation08Jdbc(Ass1_1_1_01Test.java:130)

dst.ass1.jpa.tests.Ass1_1_1_01Test.testRelation09Jdbc  Time elapsed: 0.002 s  <<< FAILURE!
java.lang.AssertionError: 

Expected: collection containing "trip_id"
     but: was []
	at dst.ass1.jpa.tests.Ass1_1_1_01Test.testRelation09Jdbc(Ass1_1_1_01Test.java:138)

dst.ass1.jpa.tests.Ass1_1_1_01Test.testRelation10Jdbc  Time elapsed: 0.001 s  <<< FAILURE!
java.lang.AssertionError: 

Expected: collection containing "organization_vehicle"
     but: was []
	at dst.ass1.jpa.tests.Ass1_1_1_01Test.testRelation10Jdbc(Ass1_1_1_01Test.java:146)

dst.ass1.jpa.tests.Ass1_1_1_01Test.testRelation10Jdbc  Time elapsed: 0.002 s  <<< FAILURE!
java.lang.AssertionError: 

Expected: collection containing "organization_id" and "vehicles_id"
     but: was []
	at dst.ass1.jpa.tests.Ass1_1_1_01Test.testRelation10Jdbc(Ass1_1_1_01Test.java:147)

