-------------------------------------------------------------------------------
Test set: dst.ass1.jpa.tests.Ass1_1_2_02Test
-------------------------------------------------------------------------------
Tests run: 3, Failures: 0, Errors: 2, Skipped: 0, Time elapsed: 0.179 s <<< FAILURE! - in dst.ass1.jpa.tests.Ass1_1_2_02Test
dst.ass1.jpa.tests.Ass1_1_2_02Test.testNotNullConstraint  Time elapsed: 0.047 s  <<< ERROR!
java.lang.NullPointerException: Cannot invoke "dst.ass1.jpa.model.IRider.setEmail(String)" because "e1" is null
	at dst.ass1.jpa.tests.Ass1_1_2_02Test.testNotNullConstraint(Ass1_1_2_02Test.java:39)

dst.ass1.jpa.tests.Ass1_1_2_02Test.testUniqueConstraint  Time elapsed: 0.053 s  <<< ERROR!
java.lang.NullPointerException: Cannot invoke "dst.ass1.jpa.model.IRider.setTel(String)" because "rider" is null
	at dst.ass1.jpa.tests.Ass1_1_2_02Test.lambda$testUniqueConstraint$0(Ass1_1_2_02Test.java:30)
	at dst.ass1.jpa.tests.Ass1_1_2_02Test.testUniqueConstraint(Ass1_1_2_02Test.java:28)

