-------------------------------------------------------------------------------
Test set: dst.ass1.jpa.tests.Ass1_1_1_05Test
-------------------------------------------------------------------------------
Tests run: 3, Failures: 2, Errors: 0, Skipped: 0, Time elapsed: 0.332 s <<< FAILURE! - in dst.ass1.jpa.tests.Ass1_1_1_05Test
dst.ass1.jpa.tests.Ass1_1_1_05Test.moneyEntityCannotBePersisted  Time elapsed: 0.113 s  <<< FAILURE!
java.lang.AssertionError
	at dst.ass1.jpa.tests.Ass1_1_1_05Test.moneyEntityCannotBePersisted(Ass1_1_1_05Test.java:27)

dst.ass1.jpa.tests.Ass1_1_1_05Test.moneyIsEmbeddableType  Time elapsed: 0.098 s  <<< FAILURE!
java.lang.AssertionError
	at dst.ass1.jpa.tests.Ass1_1_1_05Test.moneyIsEmbeddableType(Ass1_1_1_05Test.java:40)

