-------------------------------------------------------------------------------
Test set: dst.ass1.jpa.tests.Ass1_1_1_04Test
-------------------------------------------------------------------------------
Tests run: 2, Failures: 0, Errors: 1, Skipped: 0, Time elapsed: 0.246 s <<< FAILURE! - in dst.ass1.jpa.tests.Ass1_1_1_04Test
dst.ass1.jpa.tests.Ass1_1_1_04Test.testConstraint  Time elapsed: 0.123 s  <<< ERROR!
java.lang.NullPointerException: Cannot invoke "dst.ass1.jpa.model.IDriver.setTel(String)" because "e1" is null
	at dst.ass1.jpa.tests.Ass1_1_1_04Test.testConstraint(Ass1_1_1_04Test.java:28)

