-------------------------------------------------------------------------------
Test set: dst.ass1.jpa.tests.Ass1_1_1_09Test
-------------------------------------------------------------------------------
Tests run: 1, Failures: 0, Errors: 1, Skipped: 0, Time elapsed: 0.047 s <<< FAILURE! - in dst.ass1.jpa.tests.Ass1_1_1_09Test
dst.ass1.jpa.tests.Ass1_1_1_09Test.testOrganizationVehicleAssociation  Time elapsed: 0.046 s  <<< ERROR!
java.lang.IllegalStateException: Couldn't insert fixture. Can't proceed with tests
Caused by: java.lang.NullPointerException: Cannot invoke "dst.ass1.jpa.model.IMoney.setCurrencyValue(java.math.BigDecimal)" because "total1" is null

