-------------------------------------------------------------------------------
Test set: dst.ass1.jpa.tests.Ass1_2_1bTest
-------------------------------------------------------------------------------
Tests run: 3, Failures: 0, Errors: 3, Skipped: 0, Time elapsed: 0.131 s <<< FAILURE! - in dst.ass1.jpa.tests.Ass1_2_1bTest
dst.ass1.jpa.tests.Ass1_2_1bTest.countMatchesByDate_forDateWithOneMatch_returnsOne  Time elapsed: 0.042 s  <<< ERROR!
java.lang.IllegalStateException: Couldn't insert fixture. Can't proceed with tests
Caused by: java.lang.NullPointerException: Cannot invoke "dst.ass1.jpa.model.IMoney.setCurrencyValue(java.math.BigDecimal)" because "total1" is null

dst.ass1.jpa.tests.Ass1_2_1bTest.countMatchesByDate_forDateWithTwoMatches_returnsTwo  Time elapsed: 0.042 s  <<< ERROR!
java.lang.IllegalStateException: Couldn't insert fixture. Can't proceed with tests
Caused by: java.lang.NullPointerException: Cannot invoke "dst.ass1.jpa.model.IMoney.setCurrencyValue(java.math.BigDecimal)" because "total1" is null

dst.ass1.jpa.tests.Ass1_2_1bTest.countMatchesByDate_forDateWithoutMatches_returnsZero  Time elapsed: 0.046 s  <<< ERROR!
java.lang.IllegalStateException: Couldn't insert fixture. Can't proceed with tests
Caused by: java.lang.NullPointerException: Cannot invoke "dst.ass1.jpa.model.IMoney.setCurrencyValue(java.math.BigDecimal)" because "total1" is null

