-------------------------------------------------------------------------------
Test set: dst.ass1.jpa.tests.Ass1_2_2Test
-------------------------------------------------------------------------------
Tests run: 4, Failures: 0, Errors: 4, Skipped: 0, Time elapsed: 0.208 s <<< FAILURE! - in dst.ass1.jpa.tests.Ass1_2_2Test
dst.ass1.jpa.tests.Ass1_2_2Test.findRidersByCurrencyValueAndCurrency_forCurrencyTwoAndAmountTwentyOne_returnsTwo  Time elapsed: 0.045 s  <<< ERROR!
java.lang.IllegalStateException: Couldn't insert fixture. Can't proceed with tests
Caused by: java.lang.NullPointerException: Cannot invoke "dst.ass1.jpa.model.IMoney.setCurrencyValue(java.math.BigDecimal)" because "total1" is null

dst.ass1.jpa.tests.Ass1_2_2Test.findRidersByCurrencyValueAndCurrency_forCurrencyOneAndAmountZero_returnsTwo  Time elapsed: 0.034 s  <<< ERROR!
java.lang.IllegalStateException: Couldn't insert fixture. Can't proceed with tests
Caused by: java.lang.NullPointerException: Cannot invoke "dst.ass1.jpa.model.IMoney.setCurrencyValue(java.math.BigDecimal)" because "total1" is null

dst.ass1.jpa.tests.Ass1_2_2Test.findRidersByCurrencyValueAndCurrency_forCurrencyThreeAndAmountZero_returnsOne  Time elapsed: 0.051 s  <<< ERROR!
java.lang.IllegalStateException: Couldn't insert fixture. Can't proceed with tests
Caused by: java.lang.NullPointerException: Cannot invoke "dst.ass1.jpa.model.IMoney.setCurrencyValue(java.math.BigDecimal)" because "total1" is null

dst.ass1.jpa.tests.Ass1_2_2Test.findRidersByCurrencyValueAndCurrency_forCurrencyTwoAndAmountZero_returnsThree  Time elapsed: 0.077 s  <<< ERROR!
java.lang.IllegalStateException: Couldn't insert fixture. Can't proceed with tests
Caused by: java.lang.NullPointerException: Cannot invoke "dst.ass1.jpa.model.IMoney.setCurrencyValue(java.math.BigDecimal)" because "total1" is null

