<?xml version="1.0" encoding="UTF-8"?>
<testsuite xmlns:xsi="http://www.w3.org/2001/XMLSchema-instance" xsi:noNamespaceSchemaLocation="https://maven.apache.org/surefire/maven-surefire-plugin/xsd/surefire-test-report-3.0.xsd" version="3.0" name="dst.ass1.jpa.tests.Ass1_1_1_01Test" time="0.181" tests="20" errors="0" skipped="0" failures="19">
  <properties>
[...]
</properties>
  <testcase name="printTables" classname="dst.ass1.jpa.tests.Ass1_1_1_01Test" time="0.02">
    <system-out><![CDATA[2023-03-06 14:49:12.245 - &amp#27;[31m WARN&amp#27;[0;39m [        main] &amp#27;[36morg.hibernate.orm.connections.pooling   &amp#27;[0;39m: HHH10001002: Using Hibernate built-in connection pool (not for production use!)
]]></system-out>
  </testcase>
  <testcase name="testBasicTablesJdbc" classname="dst.ass1.jpa.tests.Ass1_1_1_01Test" time="0.005">
    <failure message="&#10;Expected: collection containing &quot;Rider&quot; and &quot;Trip&quot; and &quot;Location&quot; and &quot;TripInfo&quot; and &quot;Driver&quot; and &quot;Employment&quot; and &quot;Organization&quot; and &quot;Vehicle&quot; and &quot;Match&quot;&#10;     but: was []" type="java.lang.AssertionError"><![CDATA[java.lang.AssertionError: 

Expected: collection containing "Rider" and "Trip" and "Location" and "TripInfo" and "Driver" and "Employment" and "Organization" and "Vehicle" and "Match"
     but: was []
	at dst.ass1.jpa.tests.Ass1_1_1_01Test.testBasicTablesJdbc(Ass1_1_1_01Test.java:44)
]]></failure>
  </testcase>
  <testcase name="testColumnType01Jdbc" classname="dst.ass1.jpa.tests.Ass1_1_1_01Test" time="0.002">
    <failure message="&#10;Expected: is &lt;true&gt;&#10;     but: was &lt;false&gt;" type="java.lang.AssertionError"><![CDATA[java.lang.AssertionError: 

Expected: is <true>
     but: was <false>
	at dst.ass1.jpa.tests.Ass1_1_1_01Test.testColumnType01Jdbc(Ass1_1_1_01Test.java:152)
]]></failure>
  </testcase>
  <testcase name="testRelation01Jdbc" classname="dst.ass1.jpa.tests.Ass1_1_1_01Test" time="0.003">
    <failure message="&#10;Expected: collection containing &quot;vehicle_id&quot;&#10;     but: was []" type="java.lang.AssertionError"><![CDATA[java.lang.AssertionError: 

Expected: collection containing "vehicle_id"
     but: was []
	at dst.ass1.jpa.tests.Ass1_1_1_01Test.testRelation01Jdbc(Ass1_1_1_01Test.java:61)
]]></failure>
  </testcase>
  <testcase name="testRelation02Jdbc" classname="dst.ass1.jpa.tests.Ass1_1_1_01Test" time="0.001">
    <failure message="&#10;Expected: collection containing &quot;rider_id&quot;&#10;     but: was []" type="java.lang.AssertionError"><![CDATA[java.lang.AssertionError: 

Expected: collection containing "rider_id"
     but: was []
	at dst.ass1.jpa.tests.Ass1_1_1_01Test.testRelation02Jdbc(Ass1_1_1_01Test.java:70)
]]></failure>
  </testcase>
  <testcase name="testRelation03Jdbc" classname="dst.ass1.jpa.tests.Ass1_1_1_01Test" time="0.001">
    <failure message="&#10;Expected: collection containing &quot;driver_id&quot; and &quot;organization_id&quot;&#10;     but: was []" type="java.lang.AssertionError"><![CDATA[java.lang.AssertionError: 

Expected: collection containing "driver_id" and "organization_id"
     but: was []
	at dst.ass1.jpa.tests.Ass1_1_1_01Test.testRelation03Jdbc(Ass1_1_1_01Test.java:77)
]]></failure>
  </testcase>
  <testcase name="testRelation04Jdbc" classname="dst.ass1.jpa.tests.Ass1_1_1_01Test" time="0.001">
    <failure message="&#10;Expected: collection containing &quot;driver_id&quot; and &quot;trip_id&quot; and &quot;vehicle_id&quot;&#10;     but: was []" type="java.lang.AssertionError"><![CDATA[java.lang.AssertionError: 

Expected: collection containing "driver_id" and "trip_id" and "vehicle_id"
     but: was []
	at dst.ass1.jpa.tests.Ass1_1_1_01Test.testRelation04Jdbc(Ass1_1_1_01Test.java:87)
]]></failure>
  </testcase>
  <testcase name="testRelation04Jdbc" classname="dst.ass1.jpa.tests.Ass1_1_1_01Test" time="0.002">
    <failure message="&#10;Expected: collection containing &quot;trip_id&quot;&#10;     but: was []" type="java.lang.AssertionError"><![CDATA[java.lang.AssertionError: 

Expected: collection containing "trip_id"
     but: was []
	at dst.ass1.jpa.tests.Ass1_1_1_01Test.testRelation04Jdbc(Ass1_1_1_01Test.java:92)
]]></failure>
  </testcase>
  <testcase name="testRelation05Jdbc" classname="dst.ass1.jpa.tests.Ass1_1_1_01Test" time="0">
    <failure message="&#10;Expected: collection containing &quot;organization_parts&quot;&#10;     but: was []" type="java.lang.AssertionError"><![CDATA[java.lang.AssertionError: 

Expected: collection containing "organization_parts"
     but: was []
	at dst.ass1.jpa.tests.Ass1_1_1_01Test.testRelation05Jdbc(Ass1_1_1_01Test.java:103)
]]></failure>
  </testcase>
  <testcase name="testRelation05Jdbc" classname="dst.ass1.jpa.tests.Ass1_1_1_01Test" time="0.001">
    <failure message="&#10;Expected: collection containing &quot;partsOrganization_id&quot; and &quot;partOfOrganization_id&quot;&#10;     but: was []" type="java.lang.AssertionError"><![CDATA[java.lang.AssertionError: 

Expected: collection containing "partsOrganization_id" and "partOfOrganization_id"
     but: was []
	at dst.ass1.jpa.tests.Ass1_1_1_01Test.testRelation05Jdbc(Ass1_1_1_01Test.java:104)
]]></failure>
  </testcase>
  <testcase name="testRelation06Jdbc" classname="dst.ass1.jpa.tests.Ass1_1_1_01Test" time="0.002">
    <failure message="&#10;Expected: collection containing &quot;trip_location&quot;&#10;     but: was []" type="java.lang.AssertionError"><![CDATA[java.lang.AssertionError: 

Expected: collection containing "trip_location"
     but: was []
	at dst.ass1.jpa.tests.Ass1_1_1_01Test.testRelation06Jdbc(Ass1_1_1_01Test.java:112)
]]></failure>
  </testcase>
  <testcase name="testRelation06Jdbc" classname="dst.ass1.jpa.tests.Ass1_1_1_01Test" time="0.003">
    <failure message="&#10;Expected: collection containing &quot;trip_id&quot;&#10;     but: was []" type="java.lang.AssertionError"><![CDATA[java.lang.AssertionError: 

Expected: collection containing "trip_id"
     but: was []
	at dst.ass1.jpa.tests.Ass1_1_1_01Test.testRelation06Jdbc(Ass1_1_1_01Test.java:113)
]]></failure>
  </testcase>
  <testcase name="testRelation06Jdbc" classname="dst.ass1.jpa.tests.Ass1_1_1_01Test" time="0.003">
    <failure message="&#10;Expected: collection containing &quot;stops_id&quot;&#10;     but: was []" type="java.lang.AssertionError"><![CDATA[java.lang.AssertionError: 

Expected: collection containing "stops_id"
     but: was []
	at dst.ass1.jpa.tests.Ass1_1_1_01Test.testRelation06Jdbc(Ass1_1_1_01Test.java:114)
]]></failure>
  </testcase>
  <testcase name="testRelation07Jdbc" classname="dst.ass1.jpa.tests.Ass1_1_1_01Test" time="0.002">
    <failure message="&#10;Expected: collection containing &quot;pickup_id&quot;&#10;     but: was []" type="java.lang.AssertionError"><![CDATA[java.lang.AssertionError: 

Expected: collection containing "pickup_id"
     but: was []
	at dst.ass1.jpa.tests.Ass1_1_1_01Test.testRelation07Jdbc(Ass1_1_1_01Test.java:121)
]]></failure>
  </testcase>
  <testcase name="testRelation07Jdbc" classname="dst.ass1.jpa.tests.Ass1_1_1_01Test" time="0.002">
    <failure message="&#10;Expected: is &lt;true&gt;&#10;     but: was &lt;false&gt;" type="java.lang.AssertionError"><![CDATA[java.lang.AssertionError: 

Expected: is <true>
     but: was <false>
	at dst.ass1.jpa.tests.Ass1_1_1_01Test.testRelation07Jdbc(Ass1_1_1_01Test.java:122)
]]></failure>
  </testcase>
  <testcase name="testRelation08Jdbc" classname="dst.ass1.jpa.tests.Ass1_1_1_01Test" time="0.002">
    <failure message="&#10;Expected: collection containing &quot;destination_id&quot;&#10;     but: was []" type="java.lang.AssertionError"><![CDATA[java.lang.AssertionError: 

Expected: collection containing "destination_id"
     but: was []
	at dst.ass1.jpa.tests.Ass1_1_1_01Test.testRelation08Jdbc(Ass1_1_1_01Test.java:129)
]]></failure>
  </testcase>
  <testcase name="testRelation08Jdbc" classname="dst.ass1.jpa.tests.Ass1_1_1_01Test" time="0.002">
    <failure message="&#10;Expected: is &lt;true&gt;&#10;     but: was &lt;false&gt;" type="java.lang.AssertionError"><![CDATA[java.lang.AssertionError: 

Expected: is <true>
     but: was <false>
	at dst.ass1.jpa.tests.Ass1_1_1_01Test.testRelation08Jdbc(Ass1_1_1_01Test.java:130)
]]></failure>
  </testcase>
  <testcase name="testRelation09Jdbc" classname="dst.ass1.jpa.tests.Ass1_1_1_01Test" time="0.002">
    <failure message="&#10;Expected: collection containing &quot;trip_id&quot;&#10;     but: was []" type="java.lang.AssertionError"><![CDATA[java.lang.AssertionError: 

Expected: collection containing "trip_id"
     but: was []
	at dst.ass1.jpa.tests.Ass1_1_1_01Test.testRelation09Jdbc(Ass1_1_1_01Test.java:138)
]]></failure>
  </testcase>
  <testcase name="testRelation10Jdbc" classname="dst.ass1.jpa.tests.Ass1_1_1_01Test" time="0.001">
    <failure message="&#10;Expected: collection containing &quot;organization_vehicle&quot;&#10;     but: was []" type="java.lang.AssertionError"><![CDATA[java.lang.AssertionError: 

Expected: collection containing "organization_vehicle"
     but: was []
	at dst.ass1.jpa.tests.Ass1_1_1_01Test.testRelation10Jdbc(Ass1_1_1_01Test.java:146)
]]></failure>
  </testcase>
  <testcase name="testRelation10Jdbc" classname="dst.ass1.jpa.tests.Ass1_1_1_01Test" time="0.002">
    <failure message="&#10;Expected: collection containing &quot;organization_id&quot; and &quot;vehicles_id&quot;&#10;     but: was []" type="java.lang.AssertionError"><![CDATA[java.lang.AssertionError: 

Expected: collection containing "organization_id" and "vehicles_id"
     but: was []
	at dst.ass1.jpa.tests.Ass1_1_1_01Test.testRelation10Jdbc(Ass1_1_1_01Test.java:147)
]]></failure>
  </testcase>
</testsuite>