<?xml version="1.0" encoding="UTF-8"?>
<testsuite xmlns:xsi="http://www.w3.org/2001/XMLSchema-instance" xsi:noNamespaceSchemaLocation="https://maven.apache.org/surefire/maven-surefire-plugin/xsd/surefire-test-report-3.0.xsd" version="3.0" name="dst.ass1.jpa.tests.Ass1_2_1aTest" time="0.142" tests="3" errors="3" skipped="0" failures="0">
  <properties>
[...]
</properties>
  <testcase name="findByEmail_withNonExistingEmail_returnsNull" classname="dst.ass1.jpa.tests.Ass1_2_1aTest" time="0.05">
    <error message="Couldn&apos;t insert fixture. Can&apos;t proceed with tests" type="java.lang.IllegalStateException"><![CDATA[java.lang.IllegalStateException: Couldn't insert fixture. Can't proceed with tests
Caused by: java.lang.NullPointerException: Cannot invoke "dst.ass1.jpa.model.IMoney.setCurrencyValue(java.math.BigDecimal)" because "total1" is null
]]></error>
    <system-out><![CDATA[2023-03-06 14:49:14.188 - &amp#27;[31m WARN&amp#27;[0;39m [        main] &amp#27;[36morg.hibernate.orm.connections.pooling   &amp#27;[0;39m: HHH10001002: Using Hibernate built-in connection pool (not for production use!)
]]></system-out>
  </testcase>
  <testcase name="namedQuery_withEmailParameter_returnsNonEmptyResultSet" classname="dst.ass1.jpa.tests.Ass1_2_1aTest" time="0.042">
    <error message="Couldn&apos;t insert fixture. Can&apos;t proceed with tests" type="java.lang.IllegalStateException"><![CDATA[java.lang.IllegalStateException: Couldn't insert fixture. Can't proceed with tests
Caused by: java.lang.NullPointerException: Cannot invoke "dst.ass1.jpa.model.IMoney.setCurrencyValue(java.math.BigDecimal)" because "total1" is null
]]></error>
    <system-out><![CDATA[2023-03-06 14:49:14.232 - &amp#27;[31m WARN&amp#27;[0;39m [        main] &amp#27;[36morg.hibernate.orm.connections.pooling   &amp#27;[0;39m: HHH10001002: Using Hibernate built-in connection pool (not for production use!)
]]></system-out>
  </testcase>
  <testcase name="findByEmail_returnsCorrectResult" classname="dst.ass1.jpa.tests.Ass1_2_1aTest" time="0.049">
    <error message="Couldn&apos;t insert fixture. Can&apos;t proceed with tests" type="java.lang.IllegalStateException"><![CDATA[java.lang.IllegalStateException: Couldn't insert fixture. Can't proceed with tests
Caused by: java.lang.NullPointerException: Cannot invoke "dst.ass1.jpa.model.IMoney.setCurrencyValue(java.math.BigDecimal)" because "total1" is null
]]></error>
    <system-out><![CDATA[2023-03-06 14:49:14.277 - &amp#27;[31m WARN&amp#27;[0;39m [        main] &amp#27;[36morg.hibernate.orm.connections.pooling   &amp#27;[0;39m: HHH10001002: Using Hibernate built-in connection pool (not for production use!)
]]></system-out>
  </testcase>
</testsuite>