<?xml version="1.0" encoding="UTF-8"?>
<testsuite xmlns:xsi="http://www.w3.org/2001/XMLSchema-instance" xsi:noNamespaceSchemaLocation="https://maven.apache.org/surefire/maven-surefire-plugin/xsd/surefire-test-report-3.0.xsd" version="3.0" name="dst.ass1.jpa.tests.Ass1_1_1_00Test" time="2.241" tests="22" errors="0" skipped="0" failures="22">
  <properties>
[...]
</properties>
  <testcase name="test01_modelFactoryReturnsThings" classname="dst.ass1.jpa.tests.Ass1_1_1_00Test" time="0.01">
    <failure message="&#10;Expected: is an instance of dst.ass1.jpa.model.IDriver&#10;     but: null" type="java.lang.AssertionError"><![CDATA[java.lang.AssertionError: 

Expected: is an instance of dst.ass1.jpa.model.IDriver
     but: null
	at dst.ass1.jpa.tests.Ass1_1_1_00Test.test01_modelFactoryReturnsThings(Ass1_1_1_00Test.java:39)
]]></failure>
    <system-out><![CDATA[2023-03-06 14:49:11.328 - &amp#27;[31m WARN&amp#27;[0;39m [        main] &amp#27;[36morg.hibernate.orm.connections.pooling   &amp#27;[0;39m: HHH10001002: Using Hibernate built-in connection pool (not for production use!)
]]></system-out>
  </testcase>
  <testcase name="test01_modelFactoryReturnsThings" classname="dst.ass1.jpa.tests.Ass1_1_1_00Test" time="0.011">
    <failure message="&#10;Expected: is an instance of dst.ass1.jpa.model.IEmployment&#10;     but: null" type="java.lang.AssertionError"><![CDATA[java.lang.AssertionError: 

Expected: is an instance of dst.ass1.jpa.model.IEmployment
     but: null
	at dst.ass1.jpa.tests.Ass1_1_1_00Test.test01_modelFactoryReturnsThings(Ass1_1_1_00Test.java:40)
]]></failure>
  </testcase>
  <testcase name="test01_modelFactoryReturnsThings" classname="dst.ass1.jpa.tests.Ass1_1_1_00Test" time="0.011">
    <failure message="&#10;Expected: is an instance of dst.ass1.jpa.model.IEmploymentKey&#10;     but: null" type="java.lang.AssertionError"><![CDATA[java.lang.AssertionError: 

Expected: is an instance of dst.ass1.jpa.model.IEmploymentKey
     but: null
	at dst.ass1.jpa.tests.Ass1_1_1_00Test.test01_modelFactoryReturnsThings(Ass1_1_1_00Test.java:41)
]]></failure>
  </testcase>
  <testcase name="test01_modelFactoryReturnsThings" classname="dst.ass1.jpa.tests.Ass1_1_1_00Test" time="0.011">
    <failure message="&#10;Expected: is an instance of dst.ass1.jpa.model.ILocation&#10;     but: null" type="java.lang.AssertionError"><![CDATA[java.lang.AssertionError: 

Expected: is an instance of dst.ass1.jpa.model.ILocation
     but: null
	at dst.ass1.jpa.tests.Ass1_1_1_00Test.test01_modelFactoryReturnsThings(Ass1_1_1_00Test.java:42)
]]></failure>
  </testcase>
  <testcase name="test01_modelFactoryReturnsThings" classname="dst.ass1.jpa.tests.Ass1_1_1_00Test" time="0.011">
    <failure message="&#10;Expected: is an instance of dst.ass1.jpa.model.IMatch&#10;     but: null" type="java.lang.AssertionError"><![CDATA[java.lang.AssertionError: 

Expected: is an instance of dst.ass1.jpa.model.IMatch
     but: null
	at dst.ass1.jpa.tests.Ass1_1_1_00Test.test01_modelFactoryReturnsThings(Ass1_1_1_00Test.java:43)
]]></failure>
  </testcase>
  <testcase name="test01_modelFactoryReturnsThings" classname="dst.ass1.jpa.tests.Ass1_1_1_00Test" time="0.012">
    <failure message="&#10;Expected: is an instance of dst.ass1.jpa.model.IMoney&#10;     but: null" type="java.lang.AssertionError"><![CDATA[java.lang.AssertionError: 

Expected: is an instance of dst.ass1.jpa.model.IMoney
     but: null
	at dst.ass1.jpa.tests.Ass1_1_1_00Test.test01_modelFactoryReturnsThings(Ass1_1_1_00Test.java:44)
]]></failure>
  </testcase>
  <testcase name="test01_modelFactoryReturnsThings" classname="dst.ass1.jpa.tests.Ass1_1_1_00Test" time="0.012">
    <failure message="&#10;Expected: is an instance of dst.ass1.jpa.model.IOrganization&#10;     but: null" type="java.lang.AssertionError"><![CDATA[java.lang.AssertionError: 

Expected: is an instance of dst.ass1.jpa.model.IOrganization
     but: null
	at dst.ass1.jpa.tests.Ass1_1_1_00Test.test01_modelFactoryReturnsThings(Ass1_1_1_00Test.java:45)
]]></failure>
  </testcase>
  <testcase name="test01_modelFactoryReturnsThings" classname="dst.ass1.jpa.tests.Ass1_1_1_00Test" time="0.012">
    <failure message="&#10;Expected: is an instance of dst.ass1.jpa.model.IRider&#10;     but: null" type="java.lang.AssertionError"><![CDATA[java.lang.AssertionError: 

Expected: is an instance of dst.ass1.jpa.model.IRider
     but: null
	at dst.ass1.jpa.tests.Ass1_1_1_00Test.test01_modelFactoryReturnsThings(Ass1_1_1_00Test.java:46)
]]></failure>
  </testcase>
  <testcase name="test01_modelFactoryReturnsThings" classname="dst.ass1.jpa.tests.Ass1_1_1_00Test" time="0.013">
    <failure message="&#10;Expected: is an instance of dst.ass1.jpa.model.ITrip&#10;     but: null" type="java.lang.AssertionError"><![CDATA[java.lang.AssertionError: 

Expected: is an instance of dst.ass1.jpa.model.ITrip
     but: null
	at dst.ass1.jpa.tests.Ass1_1_1_00Test.test01_modelFactoryReturnsThings(Ass1_1_1_00Test.java:47)
]]></failure>
  </testcase>
  <testcase name="test01_modelFactoryReturnsThings" classname="dst.ass1.jpa.tests.Ass1_1_1_00Test" time="0.013">
    <failure message="&#10;Expected: is an instance of dst.ass1.jpa.model.ITripInfo&#10;     but: null" type="java.lang.AssertionError"><![CDATA[java.lang.AssertionError: 

Expected: is an instance of dst.ass1.jpa.model.ITripInfo
     but: null
	at dst.ass1.jpa.tests.Ass1_1_1_00Test.test01_modelFactoryReturnsThings(Ass1_1_1_00Test.java:48)
]]></failure>
  </testcase>
  <testcase name="test01_modelFactoryReturnsThings" classname="dst.ass1.jpa.tests.Ass1_1_1_00Test" time="0.014">
    <failure message="&#10;Expected: is an instance of dst.ass1.jpa.model.IVehicle&#10;     but: null" type="java.lang.AssertionError"><![CDATA[java.lang.AssertionError: 

Expected: is an instance of dst.ass1.jpa.model.IVehicle
     but: null
	at dst.ass1.jpa.tests.Ass1_1_1_00Test.test01_modelFactoryReturnsThings(Ass1_1_1_00Test.java:49)
]]></failure>
  </testcase>
  <testcase name="test02_daoFactoryReturnsThings" classname="dst.ass1.jpa.tests.Ass1_1_1_00Test" time="0.004">
    <failure message="&#10;Expected: is an instance of dst.ass1.jpa.dao.IDriverDAO&#10;     but: null" type="java.lang.AssertionError"><![CDATA[java.lang.AssertionError: 

Expected: is an instance of dst.ass1.jpa.dao.IDriverDAO
     but: null
	at dst.ass1.jpa.tests.Ass1_1_1_00Test.test02_daoFactoryReturnsThings(Ass1_1_1_00Test.java:56)
]]></failure>
  </testcase>
  <testcase name="test02_daoFactoryReturnsThings" classname="dst.ass1.jpa.tests.Ass1_1_1_00Test" time="0.004">
    <failure message="&#10;Expected: is an instance of dst.ass1.jpa.dao.IEmploymentDAO&#10;     but: null" type="java.lang.AssertionError"><![CDATA[java.lang.AssertionError: 

Expected: is an instance of dst.ass1.jpa.dao.IEmploymentDAO
     but: null
	at dst.ass1.jpa.tests.Ass1_1_1_00Test.test02_daoFactoryReturnsThings(Ass1_1_1_00Test.java:57)
]]></failure>
  </testcase>
  <testcase name="test02_daoFactoryReturnsThings" classname="dst.ass1.jpa.tests.Ass1_1_1_00Test" time="0.004">
    <failure message="&#10;Expected: is an instance of dst.ass1.jpa.dao.ILocationDAO&#10;     but: null" type="java.lang.AssertionError"><![CDATA[java.lang.AssertionError: 

Expected: is an instance of dst.ass1.jpa.dao.ILocationDAO
     but: null
	at dst.ass1.jpa.tests.Ass1_1_1_00Test.test02_daoFactoryReturnsThings(Ass1_1_1_00Test.java:58)
]]></failure>
  </testcase>
  <testcase name="test02_daoFactoryReturnsThings" classname="dst.ass1.jpa.tests.Ass1_1_1_00Test" time="0.004">
    <failure message="&#10;Expected: is an instance of dst.ass1.jpa.dao.IMatchDAO&#10;     but: null" type="java.lang.AssertionError"><![CDATA[java.lang.AssertionError: 

Expected: is an instance of dst.ass1.jpa.dao.IMatchDAO
     but: null
	at dst.ass1.jpa.tests.Ass1_1_1_00Test.test02_daoFactoryReturnsThings(Ass1_1_1_00Test.java:59)
]]></failure>
  </testcase>
  <testcase name="test02_daoFactoryReturnsThings" classname="dst.ass1.jpa.tests.Ass1_1_1_00Test" time="0.005">
    <failure message="&#10;Expected: is an instance of dst.ass1.jpa.dao.IOrganizationDAO&#10;     but: null" type="java.lang.AssertionError"><![CDATA[java.lang.AssertionError: 

Expected: is an instance of dst.ass1.jpa.dao.IOrganizationDAO
     but: null
	at dst.ass1.jpa.tests.Ass1_1_1_00Test.test02_daoFactoryReturnsThings(Ass1_1_1_00Test.java:60)
]]></failure>
  </testcase>
  <testcase name="test02_daoFactoryReturnsThings" classname="dst.ass1.jpa.tests.Ass1_1_1_00Test" time="0.005">
    <failure message="&#10;Expected: is an instance of dst.ass1.jpa.dao.IRiderDAO&#10;     but: null" type="java.lang.AssertionError"><![CDATA[java.lang.AssertionError: 

Expected: is an instance of dst.ass1.jpa.dao.IRiderDAO
     but: null
	at dst.ass1.jpa.tests.Ass1_1_1_00Test.test02_daoFactoryReturnsThings(Ass1_1_1_00Test.java:61)
]]></failure>
  </testcase>
  <testcase name="test02_daoFactoryReturnsThings" classname="dst.ass1.jpa.tests.Ass1_1_1_00Test" time="0.005">
    <failure message="&#10;Expected: is an instance of dst.ass1.jpa.dao.ITripDAO&#10;     but: null" type="java.lang.AssertionError"><![CDATA[java.lang.AssertionError: 

Expected: is an instance of dst.ass1.jpa.dao.ITripDAO
     but: null
	at dst.ass1.jpa.tests.Ass1_1_1_00Test.test02_daoFactoryReturnsThings(Ass1_1_1_00Test.java:62)
]]></failure>
  </testcase>
  <testcase name="test02_daoFactoryReturnsThings" classname="dst.ass1.jpa.tests.Ass1_1_1_00Test" time="0.005">
    <failure message="&#10;Expected: is an instance of dst.ass1.jpa.dao.ITripInfoDAO&#10;     but: null" type="java.lang.AssertionError"><![CDATA[java.lang.AssertionError: 

Expected: is an instance of dst.ass1.jpa.dao.ITripInfoDAO
     but: null
	at dst.ass1.jpa.tests.Ass1_1_1_00Test.test02_daoFactoryReturnsThings(Ass1_1_1_00Test.java:63)
]]></failure>
  </testcase>
  <testcase name="test02_daoFactoryReturnsThings" classname="dst.ass1.jpa.tests.Ass1_1_1_00Test" time="0.005">
    <failure message="&#10;Expected: is an instance of dst.ass1.jpa.dao.IVehicleDAO&#10;     but: null" type="java.lang.AssertionError"><![CDATA[java.lang.AssertionError: 

Expected: is an instance of dst.ass1.jpa.dao.IVehicleDAO
     but: null
	at dst.ass1.jpa.tests.Ass1_1_1_00Test.test02_daoFactoryReturnsThings(Ass1_1_1_00Test.java:64)
]]></failure>
  </testcase>
  <testcase name="test03_entityTypesManagedCorrectly" classname="dst.ass1.jpa.tests.Ass1_1_1_00Test" time="0.001">
    <failure message="No managed types found&#10;Expected: is &lt;false&gt;&#10;     but: was &lt;true&gt;" type="java.lang.AssertionError"><![CDATA[java.lang.AssertionError: 
No managed types found
Expected: is <false>
     but: was <true>
	at dst.ass1.jpa.tests.Ass1_1_1_00Test.test03_entityTypesManagedCorrectly(Ass1_1_1_00Test.java:71)
]]></failure>
  </testcase>
  <testcase name="test04_canInsertTestFixture" classname="dst.ass1.jpa.tests.Ass1_1_1_00Test" time="0.005">
    <failure message="Exception while inserting test fixture." type="java.lang.AssertionError"><![CDATA[java.lang.AssertionError: Exception while inserting test fixture.
	at dst.ass1.jpa.tests.Ass1_1_1_00Test.test04_canInsertTestFixture(Ass1_1_1_00Test.java:94)
Caused by: java.lang.NullPointerException: Cannot invoke "dst.ass1.jpa.model.IMoney.setCurrencyValue(java.math.BigDecimal)" because "total1" is null
	at dst.ass1.jpa.tests.Ass1_1_1_00Test.test04_canInsertTestFixture(Ass1_1_1_00Test.java:92)
]]></failure>
  </testcase>
</testsuite>